<?xml version="1.0" encoding="UTF-8"?>
<!-- Generated by org.testng.reporters.JUnitReportReporter -->
<testsuite hostname="Debarnab-PC" name="com.debarnab.testcases.LoginTestCase" tests="2" failures="0" timestamp="15 Mar 2016 19:01:38 GMT" time="0.013" errors="0">
  <testcase name="loginTestCase" time="0.012" classname="com.debarnab.testcases.LoginTestCase"/>
  <testcase name="loginTestCase" time="0.001" classname="com.debarnab.testcases.LoginTestCase"/>
</testsuite> <!-- com.debarnab.testcases.LoginTestCase -->
