<?xml version="1.0" encoding="UTF-8"?>
<!-- Generated by org.testng.reporters.JUnitReportReporter -->
<testsuite hostname="Debarnab-PC" name="com.debarnab.testcases.LoginTestCase" tests="1" failures="0" timestamp="10 Feb 2016 18:11:04 GMT" time="0.220" errors="0">
  <testcase name="loginTestCase" time="0.220" classname="com.debarnab.testcases.LoginTestCase"/>
</testsuite> <!-- com.debarnab.testcases.LoginTestCase -->
