<?xml version="1.0" encoding="UTF-8"?>
<!-- Generated by org.testng.reporters.JUnitReportReporter -->
<testsuite hostname="Debarnab-PC" name="com.debarnab.testcases.Testing" tests="1" failures="0" timestamp="11 Feb 2016 17:43:58 GMT" time="0.001" errors="0">
  <testcase name="testcase" time="0.001" classname="com.debarnab.testcases.Testing"/>
</testsuite> <!-- com.debarnab.testcases.Testing -->
